taoZhuMa/build/outputs/logs/manifest-merger-debug-report.txt
-- Merging decision tree log ---
manifest
ADDED from src\main\AndroidManifest.xml:2:1-860:12
	package
		ADDED from src\main\AndroidManifest.xml:3:5-33
		INJECTED from src\main\AndroidManifest.xml
		INJECTED from src\main\AndroidManifest.xml
	android:versionName
		ADDED from src\main\AndroidManifest.xml:5:5-30
		INJECTED from src\main\AndroidManifest.xml
		INJECTED from src\main\AndroidManifest.xml
	android:versionCode
		ADDED from src\main\AndroidManifest.xml:4:5-31
		INJECTED from src\main\AndroidManifest.xml
		INJECTED from src\main\AndroidManifest.xml
	xmlns:android
		ADDED from src\main\AndroidManifest.xml:2:11-69
uses-sdk
ADDED from src\main\AndroidManifest.xml:7:5-9:41
MERGED from [TaoZhuMa:library:unspecified] AndroidManifest.xml:7:5-9:40
MERGED from [TaoZhuMa:viewpagerindicatorlibrary:unspecified] AndroidManifest.xml:7:5-9:40
MERGED from [com.android.support:support-v4:21.0.3] AndroidManifest.xml:15:5-42
MERGED from [TaoZhuMa:viewPagerLib:unspecified] AndroidManifest.xml:5:5-7:41
MERGED from [com.android.support:support-v4:21.0.3] AndroidManifest.xml:15:5-42
MERGED from [com.android.support:support-v4:21.0.3] AndroidManifest.xml:15:5-42
	android:targetSdkVersion
		ADDED from src\main\AndroidManifest.xml:9:9-38
		INJECTED from src\main\AndroidManifest.xml
		INJECTED from src\main\AndroidManifest.xml
	android:minSdkVersion
		ADDED from src\main\AndroidManifest.xml:8:9-35
		INJECTED from src\main\AndroidManifest.xml
		INJECTED from src\main\AndroidManifest.xml
uses-permission#android.permission.ACCESS_FINE_LOCATION
ADDED from src\main\AndroidManifest.xml:11:5-79
	android:name
		ADDED from src\main\AndroidManifest.xml:11:22-76
uses-permission#android.permission.CAMERA
ADDED from src\main\AndroidManifest.xml:12:5-65
	android:name
		ADDED from src\main\AndroidManifest.xml:12:22-62
uses-permission#android.permission.CHANGE_WIFI_STATE
ADDED from src\main\AndroidManifest.xml:13:5-76
	android:name
		ADDED from src\main\AndroidManifest.xml:13:22-73
uses-permission#android.permission.ACCESS_GPS
ADDED from src\main\AndroidManifest.xml:14:5-69
	android:name
		ADDED from src\main\AndroidManifest.xml:14:22-66
uses-feature#android.hardware.camera
ADDED from src\main\AndroidManifest.xml:16:5-60
	android:name
		ADDED from src\main\AndroidManifest.xml:16:19-57
uses-feature#android.hardware.camera.autofocus
ADDED from src\main\AndroidManifest.xml:17:5-70
	android:name
		ADDED from src\main\AndroidManifest.xml:17:19-67
uses-permission#android.permission.READ_PHONE_STATE
ADDED from src\main\AndroidManifest.xml:19:5-75
	android:name
		ADDED from src\main\AndroidManifest.xml:19:22-72
uses-permission#android.permission.FLASHLIGHT
ADDED from src\main\AndroidManifest.xml:20:5-69
	android:name
		ADDED from src\main\AndroidManifest.xml:20:22-66
uses-permission#com.android.launcher.permission.INSTALL_SHORTCUT
ADDED from src\main\AndroidManifest.xml:21:5-88
	android:name
		ADDED from src\main\AndroidManifest.xml:21:22-85
uses-permission#com.android.launcher.permission.READ_SETTINGS
ADDED from src\main\AndroidManifest.xml:22:5-85
	android:name
		ADDED from src\main\AndroidManifest.xml:22:22-82
uses-permission#android.permission.MOUNT_UNMOUNT_FILESYSTEMS
ADDED from src\main\AndroidManifest.xml:23:5-84
	android:name
		ADDED from src\main\AndroidManifest.xml:23:22-81
uses-permission#android.permission.GET_TASKS
ADDED from src\main\AndroidManifest.xml:24:5-68
	android:name
		ADDED from src\main\AndroidManifest.xml:24:22-65
uses-permission#android.permission.CALL_PHONE
ADDED from src\main\AndroidManifest.xml:25:5-69
	android:name
		ADDED from src\main\AndroidManifest.xml:25:22-66
uses-permission#android.permission.MANAGE_ACCOUNTS
ADDED from src\main\AndroidManifest.xml:27:5-74
	android:name
		ADDED from src\main\AndroidManifest.xml:27:22-71
uses-permission#android.permission.GET_ACCOUNTS
ADDED from src\main\AndroidManifest.xml:28:5-71
	android:name
		ADDED from src\main\AndroidManifest.xml:28:22-68
uses-permission#android.permission.INTERNET
ADDED from src\main\AndroidManifest.xml:31:5-67
	android:name
		ADDED from src\main\AndroidManifest.xml:31:22-64
uses-permission#android.permission.ACCESS_NETWORK_STATE
ADDED from src\main\AndroidManifest.xml:33:5-79
	android:name
		ADDED from src\main\AndroidManifest.xml:33:22-76
uses-permission#android.permission.RECEIVE_BOOT_COMPLETED
ADDED from src\main\AndroidManifest.xml:34:5-81
	android:name
		ADDED from src\main\AndroidManifest.xml:34:22-78
uses-permission#android.permission.WRITE_SETTINGS
ADDED from src\main\AndroidManifest.xml:35:5-73
	android:name
		ADDED from src\main\AndroidManifest.xml:35:22-70
uses-permission#android.permission.VIBRATE
ADDED from src\main\AndroidManifest.xml:36:5-66
	android:name
		ADDED from src\main\AndroidManifest.xml:36:22-63
uses-permission#android.permission.WRITE_EXTERNAL_STORAGE
ADDED from src\main\AndroidManifest.xml:37:5-81
	android:name
		ADDED from src\main\AndroidManifest.xml:37:22-78
uses-permission#android.permission.ACCESS_DOWNLOAD_MANAGER
ADDED from src\main\AndroidManifest.xml:38:5-82
	android:name
		ADDED from src\main\AndroidManifest.xml:38:22-79
uses-permission#android.permission.DOWNLOAD_WITHOUT_NOTIFICATION
ADDED from src\main\AndroidManifest.xml:39:5-88
	android:name
		ADDED from src\main\AndroidManifest.xml:39:22-85
uses-permission#android.permission.DISABLE_KEYGUARD
ADDED from src\main\AndroidManifest.xml:40:5-75
	android:name
		ADDED from src\main\AndroidManifest.xml:40:22-72
uses-permission#android.permission.ACCESS_COARSE_LOCATION
ADDED from src\main\AndroidManifest.xml:41:5-81
	android:name
		ADDED from src\main\AndroidManifest.xml:41:22-78
uses-permission#android.permission.ACCESS_WIFI_STATE
ADDED from src\main\AndroidManifest.xml:42:5-76
	android:name
		ADDED from src\main\AndroidManifest.xml:42:22-73
uses-permission#android.permission.WAKE_LOCK
ADDED from src\main\AndroidManifest.xml:43:5-68
	android:name
		ADDED from src\main\AndroidManifest.xml:43:22-65
uses-permission#android.permission.CHANGE_NETWORK_STATE
ADDED from src\main\AndroidManifest.xml:44:5-79
	android:name
		ADDED from src\main\AndroidManifest.xml:44:22-76
uses-permission#android.permission.INTERACT_ACROSS_USERS_FULL
ADDED from src\main\AndroidManifest.xml:45:5-85
	android:name
		ADDED from src\main\AndroidManifest.xml:45:22-82
uses-permission#android.permission.RECORD_AUDIO
ADDED from src\main\AndroidManifest.xml:47:5-71
	android:name
		ADDED from src\main\AndroidManifest.xml:47:22-68
uses-permission#android.permission.MODIFY_AUDIO_SETTINGS
ADDED from src\main\AndroidManifest.xml:48:5-80
	android:name
		ADDED from src\main\AndroidManifest.xml:48:22-77
uses-permission#android.permission.KILL_BACKGROUND_PROCESSES
ADDED from src\main\AndroidManifest.xml:49:5-84
	android:name
		ADDED from src\main\AndroidManifest.xml:49:22-81
application
ADDED from src\main\AndroidManifest.xml:51:5-858:19
MERGED from [TaoZhuMa:library:unspecified] AndroidManifest.xml:11:5-20
MERGED from [com.android.support:support-v4:21.0.3] AndroidManifest.xml:16:5-19
MERGED from [com.android.support:support-v4:21.0.3] AndroidManifest.xml:16:5-19
MERGED from [com.android.support:support-v4:21.0.3] AndroidManifest.xml:16:5-19
	android:label
		ADDED from src\main\AndroidManifest.xml:55:9-41
	android:allowBackup
		ADDED from src\main\AndroidManifest.xml:53:9-35
	android:icon
		ADDED from src\main\AndroidManifest.xml:54:9-43
	android:theme
		ADDED from src\main\AndroidManifest.xml:56:9-44
	android:name
		ADDED from src\main\AndroidManifest.xml:52:9-45
activity#com.ruiyu.taozhuma.activity.StartActivity
ADDED from src\main\AndroidManifest.xml:57:9-67:20
	android:screenOrientation
		ADDED from src\main\AndroidManifest.xml:59:13-49
	android:windowSoftInputMode
		ADDED from src\main\AndroidManifest.xml:61:13-52
	android:theme
		ADDED from src\main\AndroidManifest.xml:60:13-77
	android:name
		ADDED from src\main\AndroidManifest.xml:58:13-51
intent-filter#android.intent.action.MAIN+android.intent.category.LAUNCHER
ADDED from src\main\AndroidManifest.xml:62:13-66:29
action#android.intent.action.MAIN
ADDED from src\main\AndroidManifest.xml:63:17-69
	android:name
		ADDED from src\main\AndroidManifest.xml:63:25-66
category#android.intent.category.LAUNCHER
ADDED from src\main\AndroidManifest.xml:65:17-77
	android:name
		ADDED from src\main\AndroidManifest.xml:65:27-74
activity#com.ruiyu.taozhuma.activity.MainTabActivity
ADDED from src\main\AndroidManifest.xml:68:9-73:20
	android:screenOrientation
		ADDED from src\main\AndroidManifest.xml:71:13-49
	android:launchMode
		ADDED from src\main\AndroidManifest.xml:70:13-44
	android:theme
		ADDED from src\main\AndroidManifest.xml:72:13-52
	android:name
		ADDED from src\main\AndroidManifest.xml:69:13-53
activity#com.ruiyu.taozhuma.activity.TestActivity
ADDED from src\main\AndroidManifest.xml:76:9-80:20
	android:screenOrientation
		ADDED from src\main\AndroidManifest.xml:78:13-49
	android:theme
		ADDED from src\main\AndroidManifest.xml:79:13-81
	android:name
		ADDED from src\main\AndroidManifest.xml:77:13-50
activity#com.ruiyu.taozhuma.activity.MineWalletActivity
ADDED from src\main\AndroidManifest.xml:82:9-86:20
	android:screenOrientation
		ADDED from src\main\AndroidManifest.xml:84:13-49
	android:theme
		ADDED from src\main\AndroidManifest.xml:85:13-81
	android:name
		ADDED from src\main\AndroidManifest.xml:83:13-56
activity#com.ruiyu.taozhuma.activity.ShanPingWebActivity
ADDED from src\main\AndroidManifest.xml:89:9-93:20
	android:screenOrientation
		ADDED from src\main\AndroidManifest.xml:91:13-49
	android:theme
		ADDED from src\main\AndroidManifest.xml:92:13-81
	android:name
		ADDED from src\main\AndroidManifest.xml:90:13-57
activity#com.ruiyu.taozhuma.activity.ShanPingActivity
ADDED from src\main\AndroidManifest.xml:95:9-99:20
	android:screenOrientation
		ADDED from src\main\AndroidManifest.xml:97:13-49
	android:theme
		ADDED from src\main\AndroidManifest.xml:98:13-92
	android:name
		ADDED from src\main\AndroidManifest.xml:96:13-54
activity#com.ruiyu.taozhuma.activity.TzmSpecialCollectionActivity
ADDED from src\main\AndroidManifest.xml:101:9-105:20
	android:screenOrientation
		ADDED from src\main\AndroidManifest.xml:103:13-49
	android:theme
		ADDED from src\main\AndroidManifest.xml:104:13-81
	android:name
		ADDED from src\main\AndroidManifest.xml:102:13-66
activity#com.ruiyu.taozhuma.activity.ProductDetailActivity
ADDED from src\main\AndroidManifest.xml:108:9-113:20
	android:screenOrientation
		ADDED from src\main\AndroidManifest.xml:110:13-49
	android:windowSoftInputMode
		ADDED from src\main\AndroidManifest.xml:112:13-54
	android:theme
		ADDED from src\main\AndroidManifest.xml:111:13-81
	android:name
		ADDED from src\main\AndroidManifest.xml:109:13-77
activity#com.ruiyu.taozhuma.activity.TzmReturnExpressLogisticsActivity
ADDED from src\main\AndroidManifest.xml:115:9-119:20
	android:screenOrientation
		ADDED from src\main\AndroidManifest.xml:117:13-49
	android:theme
		ADDED from src\main\AndroidManifest.xml:118:13-81
	android:name
		ADDED from src\main\AndroidManifest.xml:116:13-71
activity#com.ruiyu.taozhuma.activity.TzmResetQQActivity
ADDED from src\main\AndroidManifest.xml:122:9-126:20
	android:screenOrientation
		ADDED from src\main\AndroidManifest.xml:124:13-49
	android:theme
		ADDED from src\main\AndroidManifest.xml:125:13-81
	android:name
		ADDED from src\main\AndroidManifest.xml:123:13-56
activity#com.ruiyu.taozhuma.activity.ScenesDetailWebActivity
ADDED from src\main\AndroidManifest.xml:128:9-132:20
	android:screenOrientation
		ADDED from src\main\AndroidManifest.xml:130:13-49
	android:theme
		ADDED from src\main\AndroidManifest.xml:131:13-81
	android:name
		ADDED from src\main\AndroidManifest.xml:129:13-61
activity#com.ruiyu.taozhuma.activity.GetFocusActivityProductActivity
ADDED from src\main\AndroidManifest.xml:134:9-138:20
	android:screenOrientation
		ADDED from src\main\AndroidManifest.xml:136:13-49
	android:theme
		ADDED from src\main\AndroidManifest.xml:137:13-81
	android:name
		ADDED from src\main\AndroidManifest.xml:135:13-69
activity#com.ruiyu.taozhuma.activity.MemberExclusiveActivity
ADDED from src\main\AndroidManifest.xml:140:9-144:20
	android:screenOrientation
		ADDED from src\main\AndroidManifest.xml:142:13-49
	android:theme
		ADDED from src\main\AndroidManifest.xml:143:13-81
	android:name
		ADDED from src\main\AndroidManifest.xml:141:13-61
activity#com.ruiyu.taozhuma.activity.CommonHelpDetailActivity
ADDED from src\main\AndroidManifest.xml:146:9-150:20
	android:screenOrientation
		ADDED from src\main\AndroidManifest.xml:148:13-49
	android:theme
		ADDED from src\main\AndroidManifest.xml:149:13-60
	android:name
		ADDED from src\main\AndroidManifest.xml:147:13-62
activity#com.ruiyu.taozhuma.activity.UserCouponListActivity
ADDED from src\main\AndroidManifest.xml:152:9-156:20
	android:screenOrientation
		ADDED from src\main\AndroidManifest.xml:154:13-49
	android:theme
		ADDED from src\main\AndroidManifest.xml:155:13-81
	android:name
		ADDED from src\main\AndroidManifest.xml:153:13-60
activity#com.ruiyu.taozhuma.activity.TzmTimeActivityProductDetailActivity
ADDED from src\main\AndroidManifest.xml:158:9-163:20
	android:screenOrientation
		ADDED from src\main\AndroidManifest.xml:160:13-49
	android:windowSoftInputMode
		ADDED from src\main\AndroidManifest.xml:162:13-54
	android:theme
		ADDED from src\main\AndroidManifest.xml:161:13-66
	android:name
		ADDED from src\main\AndroidManifest.xml:159:13-74
activity#com.ruiyu.taozhuma.activity.TimeActivityListActivity
ADDED from src\main\AndroidManifest.xml:165:9-170:20
	android:screenOrientation
		ADDED from src\main\AndroidManifest.xml:168:13-49
	android:launchMode
		ADDED from src\main\AndroidManifest.xml:167:13-44
	android:theme
		ADDED from src\main\AndroidManifest.xml:169:13-81
	android:name
		ADDED from src\main\AndroidManifest.xml:166:13-62
activity#com.ruiyu.taozhuma.wxapi.ALiPayResultActivity
ADDED from src\main\AndroidManifest.xml:172:9-177:20
	android:screenOrientation
		ADDED from src\main\AndroidManifest.xml:174:13-49
	android:windowSoftInputMode
		ADDED from src\main\AndroidManifest.xml:176:13-54
	android:theme
		ADDED from src\main\AndroidManifest.xml:175:13-81
	android:name
		ADDED from src\main\AndroidManifest.xml:173:13-55
activity#com.ruiyu.taozhuma.activity.TzmStaticHelpDetailActivity
ADDED from src\main\AndroidManifest.xml:179:9-184:20
	android:screenOrientation
		ADDED from src\main\AndroidManifest.xml:181:13-49
	android:windowSoftInputMode
		ADDED from src\main\AndroidManifest.xml:183:13-52
	android:theme
		ADDED from src\main\AndroidManifest.xml:182:13-60
	android:name
		ADDED from src\main\AndroidManifest.xml:180:13-65
activity#com.ruiyu.taozhuma.activity.TzmEditAdressActivity
ADDED from src\main\AndroidManifest.xml:186:9-191:20
	android:screenOrientation
		ADDED from src\main\AndroidManifest.xml:188:13-49
	android:windowSoftInputMode
		ADDED from src\main\AndroidManifest.xml:190:13-52
	android:theme
		ADDED from src\main\AndroidManifest.xml:189:13-60
	android:name
		ADDED from src\main\AndroidManifest.xml:187:13-59
activity#com.ruiyu.taozhuma.activity.TzmNewAdressActivity
ADDED from src\main\AndroidManifest.xml:193:9-197:20
	android:screenOrientation
		ADDED from src\main\AndroidManifest.xml:195:13-49
	android:theme
		ADDED from src\main\AndroidManifest.xml:196:13-60
	android:name
		ADDED from src\main\AndroidManifest.xml:194:13-58
activity#com.ruiyu.taozhuma.activity.TzmAdActivity
ADDED from src\main\AndroidManifest.xml:199:9-203:20
	android:screenOrientation
		ADDED from src\main\AndroidManifest.xml:201:13-49
	android:theme
		ADDED from src\main\AndroidManifest.xml:202:13-60
	android:name
		ADDED from src\main\AndroidManifest.xml:200:13-51
activity#com.ruiyu.taozhuma.activity.OrdersDetailActivity
ADDED from src\main\AndroidManifest.xml:204:9-208:20
	android:screenOrientation
		ADDED from src\main\AndroidManifest.xml:206:13-49
	android:theme
		ADDED from src\main\AndroidManifest.xml:207:13-81
	android:name
		ADDED from src\main\AndroidManifest.xml:205:13-58
activity#com.ruiyu.taozhuma.activity.SelectPicActivity
ADDED from src\main\AndroidManifest.xml:209:9-211:56
	android:theme
		ADDED from src\main\AndroidManifest.xml:211:13-53
	android:name
		ADDED from src\main\AndroidManifest.xml:210:13-55
activity#com.ruiyu.taozhuma.activity.CaptureActivity
ADDED from src\main\AndroidManifest.xml:212:9-217:20
	android:screenOrientation
		ADDED from src\main\AndroidManifest.xml:214:13-49
	android:windowSoftInputMode
		ADDED from src\main\AndroidManifest.xml:216:13-55
	android:theme
		ADDED from src\main\AndroidManifest.xml:215:13-77
	android:name
		ADDED from src\main\AndroidManifest.xml:213:13-53
activity#com.ruiyu.taozhuma.activity.ProductCodeActivity
ADDED from src\main\AndroidManifest.xml:218:9-222:20
	android:screenOrientation
		ADDED from src\main\AndroidManifest.xml:220:13-49
	android:theme
		ADDED from src\main\AndroidManifest.xml:221:13-60
	android:name
		ADDED from src\main\AndroidManifest.xml:219:13-57
activity#com.ruiyu.taozhuma.activity.AllProductActivity
ADDED from src\main\AndroidManifest.xml:223:9-228:20
	android:screenOrientation
		ADDED from src\main\AndroidManifest.xml:225:13-49
	android:windowSoftInputMode
		ADDED from src\main\AndroidManifest.xml:227:13-52
	android:theme
		ADDED from src\main\AndroidManifest.xml:226:13-60
	android:name
		ADDED from src\main\AndroidManifest.xml:224:13-56
activity#com.ruiyu.taozhuma.activity.FeedBackActivity
ADDED from src\main\AndroidManifest.xml:229:9-234:20
	android:screenOrientation
		ADDED from src\main\AndroidManifest.xml:231:13-49
	android:windowSoftInputMode
		ADDED from src\main\AndroidManifest.xml:233:13-52
	android:theme
		ADDED from src\main\AndroidManifest.xml:232:13-60
	android:name
		ADDED from src\main\AndroidManifest.xml:230:13-54
activity#com.ruiyu.taozhuma.activity.ViewPagerActivity
ADDED from src\main\AndroidManifest.xml:235:9-240:20
	android:screenOrientation
		ADDED from src\main\AndroidManifest.xml:237:13-49
	android:windowSoftInputMode
		ADDED from src\main\AndroidManifest.xml:239:13-52
	android:theme
		ADDED from src\main\AndroidManifest.xml:238:13-60
	android:name
		ADDED from src\main\AndroidManifest.xml:236:13-55
activity#com.ruiyu.taozhuma.activity.TzmToySetMealActivity
ADDED from src\main\AndroidManifest.xml:241:9-245:20
	android:screenOrientation
		ADDED from src\main\AndroidManifest.xml:243:13-49
	android:theme
		ADDED from src\main\AndroidManifest.xml:244:13-81
	android:name
		ADDED from src\main\AndroidManifest.xml:242:13-59
activity#com.ruiyu.taozhuma.activity.TzmAboutusActivity
ADDED from src\main\AndroidManifest.xml:247:9-251:20
	android:screenOrientation
		ADDED from src\main\AndroidManifest.xml:249:13-49
	android:theme
		ADDED from src\main\AndroidManifest.xml:250:13-60
	android:name
		ADDED from src\main\AndroidManifest.xml:248:13-56
activity#com.ruiyu.taozhuma.activity.TzmAddAdressActivity
ADDED from src\main\AndroidManifest.xml:253:9-257:20
	android:screenOrientation
		ADDED from src\main\AndroidManifest.xml:255:13-49
	android:theme
		ADDED from src\main\AndroidManifest.xml:256:13-60
	android:name
		ADDED from src\main\AndroidManifest.xml:254:13-58
activity#com.ruiyu.taozhuma.activity.TzmAddressListActivity
ADDED from src\main\AndroidManifest.xml:259:9-264:20
	android:screenOrientation
		ADDED from src\main\AndroidManifest.xml:261:13-49
	android:windowSoftInputMode
		ADDED from src\main\AndroidManifest.xml:263:13-52
	android:theme
		ADDED from src\main\AndroidManifest.xml:262:13-60
	android:name
		ADDED from src\main\AndroidManifest.xml:260:13-60
activity#com.ruiyu.taozhuma.activity.TzmAddCommentActivity
ADDED from src\main\AndroidManifest.xml:266:9-270:20
	android:screenOrientation
		ADDED from src\main\AndroidManifest.xml:268:13-49
	android:theme
		ADDED from src\main\AndroidManifest.xml:269:13-60
	android:name
		ADDED from src\main\AndroidManifest.xml:267:13-59
activity#com.ruiyu.taozhuma.activity.TzmAddressEditActivity
ADDED from src\main\AndroidManifest.xml:272:9-276:20
	android:screenOrientation
		ADDED from src\main\AndroidManifest.xml:274:13-49
	android:theme
		ADDED from src\main\AndroidManifest.xml:275:13-60
	android:name
		ADDED from src\main\AndroidManifest.xml:273:13-60
activity#com.ruiyu.taozhuma.activity.TzmCollectActivity
ADDED from src\main\AndroidManifest.xml:279:9-283:20
	android:screenOrientation
		ADDED from src\main\AndroidManifest.xml:281:13-49
	android:theme
		ADDED from src\main\AndroidManifest.xml:282:13-60
	android:name
		ADDED from src\main\AndroidManifest.xml:280:13-56
activity#com.ruiyu.taozhuma.activity.TzmCollectActivity2
ADDED from src\main\AndroidManifest.xml:285:9-289:20
	android:screenOrientation
		ADDED from src\main\AndroidManifest.xml:287:13-49
	android:theme
		ADDED from src\main\AndroidManifest.xml:288:13-60
	android:name
		ADDED from src\main\AndroidManifest.xml:286:13-57
activity#com.ruiyu.taozhuma.activity.TzmConsumerProductActivity
ADDED from src\main\AndroidManifest.xml:291:9-295:20
	android:screenOrientation
		ADDED from src\main\AndroidManifest.xml:293:13-49
	android:theme
		ADDED from src\main\AndroidManifest.xml:294:13-60
	android:name
		ADDED from src\main\AndroidManifest.xml:292:13-64
activity#com.ruiyu.taozhuma.activity.TzmDeclarationActivity
ADDED from src\main\AndroidManifest.xml:297:9-301:20
	android:screenOrientation
		ADDED from src\main\AndroidManifest.xml:299:13-49
	android:theme
		ADDED from src\main\AndroidManifest.xml:300:13-60
	android:name
		ADDED from src\main\AndroidManifest.xml:298:13-60
activity#com.ruiyu.taozhuma.activity.TzmFeedbackActivity
ADDED from src\main\AndroidManifest.xml:303:9-307:20
	android:screenOrientation
		ADDED from src\main\AndroidManifest.xml:305:13-49
	android:theme
		ADDED from src\main\AndroidManifest.xml:306:13-60
	android:name
		ADDED from src\main\AndroidManifest.xml:304:13-57
activity#com.ruiyu.taozhuma.activity.TzmForgetPasswordActivity
ADDED from src\main\AndroidManifest.xml:309:9-313:20
	android:screenOrientation
		ADDED from src\main\AndroidManifest.xml:311:13-49
	android:theme
		ADDED from src\main\AndroidManifest.xml:312:13-60
	android:name
		ADDED from src\main\AndroidManifest.xml:310:13-63
activity#com.ruiyu.taozhuma.activity.TzmHelpTypeListActivity
ADDED from src\main\AndroidManifest.xml:315:9-319:20
	android:screenOrientation
		ADDED from src\main\AndroidManifest.xml:317:13-49
	android:theme
		ADDED from src\main\AndroidManifest.xml:318:13-60
	android:name
		ADDED from src\main\AndroidManifest.xml:316:13-61
activity#com.ruiyu.taozhuma.activity.TzmLoginActivity
ADDED from src\main\AndroidManifest.xml:321:9-325:20
	android:screenOrientation
		ADDED from src\main\AndroidManifest.xml:323:13-49
	android:theme
		ADDED from src\main\AndroidManifest.xml:324:13-60
	android:name
		ADDED from src\main\AndroidManifest.xml:322:13-54
activity#com.ruiyu.taozhuma.activity.TzmClientInfoActivity
ADDED from src\main\AndroidManifest.xml:327:9-331:20
	android:screenOrientation
		ADDED from src\main\AndroidManifest.xml:329:13-49
	android:theme
		ADDED from src\main\AndroidManifest.xml:330:13-60
	android:name
		ADDED from src\main\AndroidManifest.xml:328:13-59
activity#com.ruiyu.taozhuma.activity.TzmClientInfoDetailActivity
ADDED from src\main\AndroidManifest.xml:333:9-337:20
	android:screenOrientation
		ADDED from src\main\AndroidManifest.xml:335:13-49
	android:theme
		ADDED from src\main\AndroidManifest.xml:336:13-60
	android:name
		ADDED from src\main\AndroidManifest.xml:334:13-65
activity#com.ruiyu.taozhuma.activity.TzmRegisterActivity
ADDED from src\main\AndroidManifest.xml:339:9-343:20
	android:screenOrientation
		ADDED from src\main\AndroidManifest.xml:341:13-49
	android:theme
		ADDED from src\main\AndroidManifest.xml:342:13-60
	android:name
		ADDED from src\main\AndroidManifest.xml:340:13-57
activity#com.ruiyu.taozhuma.activity.TzmSettingActivity
ADDED from src\main\AndroidManifest.xml:345:9-349:20
	android:screenOrientation
		ADDED from src\main\AndroidManifest.xml:347:13-49
	android:theme
		ADDED from src\main\AndroidManifest.xml:348:13-81
	android:name
		ADDED from src\main\AndroidManifest.xml:346:13-56
activity#com.ruiyu.taozhuma.activity.TzmShopListActivity
ADDED from src\main\AndroidManifest.xml:351:9-355:20
	android:screenOrientation
		ADDED from src\main\AndroidManifest.xml:353:13-49
	android:theme
		ADDED from src\main\AndroidManifest.xml:354:13-60
	android:name
		ADDED from src\main\AndroidManifest.xml:352:13-57
activity#com.ruiyu.taozhuma.activity.TzmShopDetailActivity
ADDED from src\main\AndroidManifest.xml:357:9-361:20
	android:screenOrientation
		ADDED from src\main\AndroidManifest.xml:359:13-49
	android:theme
		ADDED from src\main\AndroidManifest.xml:360:13-60
	android:name
		ADDED from src\main\AndroidManifest.xml:358:13-59
activity#com.ruiyu.taozhuma.activity.TzmOrderListActivity
ADDED from src\main\AndroidManifest.xml:363:9-374:20
	android:screenOrientation
		ADDED from src\main\AndroidManifest.xml:365:13-49
	android:theme
		ADDED from src\main\AndroidManifest.xml:366:13-81
	android:name
		ADDED from src\main\AndroidManifest.xml:364:13-58
intent-filter#android.intent.action.VIEW+android.intent.category.DEFAULT
ADDED from src\main\AndroidManifest.xml:367:13-373:29
action#android.intent.action.VIEW
ADDED from src\main\AndroidManifest.xml:368:17-69
	android:name
		ADDED from src\main\AndroidManifest.xml:368:25-66
category#android.intent.category.DEFAULT
ADDED from src\main\AndroidManifest.xml:370:17-76
	android:name
		ADDED from src\main\AndroidManifest.xml:370:27-73
data
ADDED from src\main\AndroidManifest.xml:372:17-61
	android:scheme
		ADDED from src\main\AndroidManifest.xml:372:23-58
activity#com.ruiyu.taozhuma.activity.TzmInfoLlistActivity
ADDED from src\main\AndroidManifest.xml:376:9-380:20
	android:screenOrientation
		ADDED from src\main\AndroidManifest.xml:378:13-49
	android:theme
		ADDED from src\main\AndroidManifest.xml:379:13-60
	android:name
		ADDED from src\main\AndroidManifest.xml:377:13-58
activity#com.ruiyu.taozhuma.activity.InfoDetailActivity
ADDED from src\main\AndroidManifest.xml:382:9-386:20
	android:screenOrientation
		ADDED from src\main\AndroidManifest.xml:384:13-49
	android:theme
		ADDED from src\main\AndroidManifest.xml:385:13-81
	android:name
		ADDED from src\main\AndroidManifest.xml:383:13-56
activity#com.ruiyu.taozhuma.activity.TzmActivity
ADDED from src\main\AndroidManifest.xml:388:9-392:20
	android:screenOrientation
		ADDED from src\main\AndroidManifest.xml:390:13-49
	android:theme
		ADDED from src\main\AndroidManifest.xml:391:13-81
	android:name
		ADDED from src\main\AndroidManifest.xml:389:13-49
activity#com.ruiyu.taozhuma.activity.TzmCommentListAcyivity
ADDED from src\main\AndroidManifest.xml:394:9-398:20
	android:screenOrientation
		ADDED from src\main\AndroidManifest.xml:396:13-49
	android:theme
		ADDED from src\main\AndroidManifest.xml:397:13-60
	android:name
		ADDED from src\main\AndroidManifest.xml:395:13-60
activity#com.ruiyu.taozhuma.activity.TzmSelctAddressActivity
ADDED from src\main\AndroidManifest.xml:400:9-412:20
	android:screenOrientation
		ADDED from src\main\AndroidManifest.xml:402:13-49
	android:windowSoftInputMode
		ADDED from src\main\AndroidManifest.xml:404:13-54
	android:theme
		ADDED from src\main\AndroidManifest.xml:403:13-81
	android:name
		ADDED from src\main\AndroidManifest.xml:401:13-61
activity#com.ruiyu.taozhuma.activity.TzmSelectAddressListActivity
ADDED from src\main\AndroidManifest.xml:414:9-418:20
	android:screenOrientation
		ADDED from src\main\AndroidManifest.xml:416:13-49
	android:theme
		ADDED from src\main\AndroidManifest.xml:417:13-60
	android:name
		ADDED from src\main\AndroidManifest.xml:415:13-66
activity#com.ruiyu.taozhuma.activity.TzmProductListActivity
ADDED from src\main\AndroidManifest.xml:420:9-424:20
	android:screenOrientation
		ADDED from src\main\AndroidManifest.xml:422:13-49
	android:theme
		ADDED from src\main\AndroidManifest.xml:423:13-81
	android:name
		ADDED from src\main\AndroidManifest.xml:421:13-60
activity#com.ruiyu.taozhuma.activity.TzmExpressActivity
ADDED from src\main\AndroidManifest.xml:426:9-430:20
	android:screenOrientation
		ADDED from src\main\AndroidManifest.xml:428:13-49
	android:theme
		ADDED from src\main\AndroidManifest.xml:429:13-60
	android:name
		ADDED from src\main\AndroidManifest.xml:427:13-56
activity#com.ruiyu.taozhuma.activity.TzmHelpListActivity
ADDED from src\main\AndroidManifest.xml:432:9-436:20
	android:screenOrientation
		ADDED from src\main\AndroidManifest.xml:434:13-49
	android:theme
		ADDED from src\main\AndroidManifest.xml:435:13-60
	android:name
		ADDED from src\main\AndroidManifest.xml:433:13-57
activity#com.ruiyu.taozhuma.activity.TzmReSetPassWork
ADDED from src\main\AndroidManifest.xml:438:9-442:20
	android:screenOrientation
		ADDED from src\main\AndroidManifest.xml:440:13-49
	android:theme
		ADDED from src\main\AndroidManifest.xml:441:13-60
	android:name
		ADDED from src\main\AndroidManifest.xml:439:13-54
activity#com.ruiyu.taozhuma.activity.TzmHelpSearchListActivity
ADDED from src\main\AndroidManifest.xml:444:9-448:20
	android:screenOrientation
		ADDED from src\main\AndroidManifest.xml:446:13-49
	android:theme
		ADDED from src\main\AndroidManifest.xml:447:13-60
	android:name
		ADDED from src\main\AndroidManifest.xml:445:13-63
activity#com.ruiyu.taozhuma.activity.TzmApplyConsumerActivity
ADDED from src\main\AndroidManifest.xml:450:9-454:20
	android:screenOrientation
		ADDED from src\main\AndroidManifest.xml:452:13-49
	android:theme
		ADDED from src\main\AndroidManifest.xml:453:13-71
	android:name
		ADDED from src\main\AndroidManifest.xml:451:13-62
activity#com.ruiyu.taozhuma.activity.TzmApplyManufacturerActivity
ADDED from src\main\AndroidManifest.xml:456:9-460:20
	android:screenOrientation
		ADDED from src\main\AndroidManifest.xml:458:13-49
	android:theme
		ADDED from src\main\AndroidManifest.xml:459:13-60
	android:name
		ADDED from src\main\AndroidManifest.xml:457:13-66
activity#com.ruiyu.taozhuma.activity.TzmSearchActivity
ADDED from src\main\AndroidManifest.xml:462:9-467:20